# JRE version: OpenJDK Runtime Environment (17.0.2+8) (build 17.0.2+8-86)
# Java VM: OpenJDK 64-Bit Server VM (17.0.2+8-86, mixed mode, sharing, tiered, compressed oops, compressed class ptrs, g1 gc, windows-amd64)
GC Precious Log:
 CPUs: 16 total, 16 available
 Memory: 16083M
 Large Page Support: Disabled
 NUMA Support: Disabled
 Compressed Oops: Enabled (Zero based)
 Heap Region Size: 2M
 Heap Min Capacity: 8M
 Heap Initial Capacity: 252M
 Heap Max Capacity: 4022M
 Pre-touch: Disabled
 Parallel Workers: 13
 Concurrent Workers: 3
 Concurrent Refinement Workers: 13
 Periodic GC: Disabled
Heap:
 garbage-first heap   total 94208K, used 64603K [0x0000000704a00000, 0x0000000800000000)
  region size 2048K, 19 young (38912K), 2 survivors (4096K)
 Metaspace       used 58000K, committed 58496K, reserved 1105920K
  class space    used 7624K, committed 7872K, reserved 1048576K
GC Heap History (20 events):
Event: 5.645 GC heap before
{Heap before GC invocations=1 (full 0):
 garbage-first heap   total 258048K, used 29507K [0x0000000704a00000, 0x0000000800000000)
  region size 2048K, 13 young (26624K), 2 survivors (4096K)
 Metaspace       used 10241K, committed 10496K, reserved 1064960K
  class space    used 1295K, committed 1408K, reserved 1048576K
}
Event: 5.653 GC heap after
{Heap after GC invocations=2 (full 0):
 garbage-first heap   total 258048K, used 8869K [0x0000000704a00000, 0x0000000800000000)
  region size 2048K, 1 young (2048K), 1 survivors (2048K)
 Metaspace       used 10241K, committed 10496K, reserved 1064960K
  class space    used 1295K, committed 1408K, reserved 1048576K
}
Event: 6.878 GC heap before
{Heap before GC invocations=2 (full 0):
 garbage-first heap   total 258048K, used 64165K [0x0000000704a00000, 0x0000000800000000)
  region size 2048K, 30 young (61440K), 1 survivors (2048K)
 Metaspace       used 21313K, committed 21504K, reserved 1073152K
  class space    used 2708K, committed 2816K, reserved 1048576K
}
Event: 6.888 GC heap after
{Heap after GC invocations=3 (full 0):
 garbage-first heap   total 258048K, used 13581K [0x0000000704a00000, 0x0000000800000000)
  region size 2048K, 4 young (8192K), 4 survivors (8192K)
 Metaspace       used 21313K, committed 21504K, reserved 1073152K
  class space    used 2708K, committed 2816K, reserved 1048576K
}
Event: 8.265 GC heap before
{Heap before GC invocations=4 (full 0):
 garbage-first heap   total 69632K, used 46349K [0x0000000704a00000, 0x0000000800000000)
  region size 2048K, 20 young (40960K), 4 survivors (8192K)
 Metaspace       used 25190K, committed 25472K, reserved 1073152K
  class space    used 3176K, committed 3328K, reserved 1048576K
}
Event: 8.280 GC heap after
{Heap after GC invocations=5 (full 0):
 garbage-first heap   total 69632K, used 16319K [0x0000000704a00000, 0x0000000800000000)
  region size 2048K, 2 young (4096K), 2 survivors (4096K)
 Metaspace       used 25190K, committed 25472K, reserved 1073152K
  class space    used 3176K, committed 3328K, reserved 1048576K
}
Event: 8.402 GC heap before
{Heap before GC invocations=5 (full 0):
 garbage-first heap   total 69632K, used 18367K [0x0000000704a00000, 0x0000000800000000)
  region size 2048K, 3 young (6144K), 2 survivors (4096K)
 Metaspace       used 25360K, committed 25664K, reserved 1073152K
  class space    used 3204K, committed 3392K, reserved 1048576K
}
Event: 8.413 GC heap after
{Heap after GC invocations=6 (full 0):
 garbage-first heap   total 69632K, used 16937K [0x0000000704a00000, 0x0000000800000000)
  region size 2048K, 1 young (2048K), 1 survivors (2048K)
 Metaspace       used 25360K, committed 25664K, reserved 1073152K
  class space    used 3204K, committed 3392K, reserved 1048576K
}
Event: 9.848 GC heap before
{Heap before GC invocations=6 (full 0):
 garbage-first heap   total 69632K, used 43561K [0x0000000704a00000, 0x0000000800000000)
  region size 2048K, 14 young (28672K), 1 survivors (2048K)
 Metaspace       used 29050K, committed 29376K, reserved 1081344K
  class space    used 3733K, committed 3904K, reserved 1048576K
}
Event: 9.862 GC heap after
{Heap after GC invocations=7 (full 0):
 garbage-first heap   total 69632K, used 18690K [0x0000000704a00000, 0x0000000800000000)
  region size 2048K, 2 young (4096K), 2 survivors (4096K)
 Metaspace       used 29050K, committed 29376K, reserved 1081344K
  class space    used 3733K, committed 3904K, reserved 1048576K
}
Event: 10.837 GC heap before
{Heap before GC invocations=7 (full 0):
 garbage-first heap   total 69632K, used 45314K [0x0000000704a00000, 0x0000000800000000)
  region size 2048K, 15 young (30720K), 2 survivors (4096K)
 Metaspace       used 33376K, committed 33856K, reserved 1081344K
  class space    used 4311K, committed 4544K, reserved 1048576K
}
Event: 10.848 GC heap after
{Heap after GC invocations=8 (full 0):
 garbage-first heap   total 69632K, used 21080K [0x0000000704a00000, 0x0000000800000000)
  region size 2048K, 2 young (4096K), 2 survivors (4096K)
 Metaspace       used 33376K, committed 33856K, reserved 1081344K
  class space    used 4311K, committed 4544K, reserved 1048576K
}
Event: 11.380 GC heap before
{Heap before GC invocations=8 (full 0):
 garbage-first heap   total 69632K, used 39512K [0x0000000704a00000, 0x0000000800000000)
  region size 2048K, 12 young (24576K), 2 survivors (4096K)
 Metaspace       used 35891K, committed 36288K, reserved 1081344K
  class space    used 4676K, committed 4864K, reserved 1048576K
}
Event: 11.385 GC heap after
{Heap after GC invocations=9 (full 0):
 garbage-first heap   total 94208K, used 23132K [0x0000000704a00000, 0x0000000800000000)
  region size 2048K, 2 young (4096K), 2 survivors (4096K)
 Metaspace       used 35891K, committed 36288K, reserved 1081344K
  class space    used 4676K, committed 4864K, reserved 1048576K
}
Event: 13.589 GC heap before
{Heap before GC invocations=10 (full 0):
 garbage-first heap   total 94208K, used 66140K [0x0000000704a00000, 0x0000000800000000)
  region size 2048K, 23 young (47104K), 2 survivors (4096K)
 Metaspace       used 44817K, committed 45248K, reserved 1089536K
  class space    used 5868K, committed 6080K, reserved 1048576K
}
Event: 13.595 GC heap after
{Heap after GC invocations=11 (full 0):
 garbage-first heap   total 94208K, used 27068K [0x0000000704a00000, 0x0000000800000000)
  region size 2048K, 3 young (6144K), 3 survivors (6144K)
 Metaspace       used 44817K, committed 45248K, reserved 1089536K
  class space    used 5868K, committed 6080K, reserved 1048576K
}
Event: 13.933 GC heap before
{Heap before GC invocations=11 (full 0):
 garbage-first heap   total 94208K, used 27068K [0x0000000704a00000, 0x0000000800000000)
  region size 2048K, 4 young (8192K), 3 survivors (6144K)
 Metaspace       used 46019K, committed 46464K, reserved 1089536K
  class space    used 6000K, committed 6208K, reserved 1048576K
}
Event: 13.938 GC heap after
{Heap after GC invocations=12 (full 0):
 garbage-first heap   total 94208K, used 27247K [0x0000000704a00000, 0x0000000800000000)
  region size 2048K, 1 young (2048K), 1 survivors (2048K)
 Metaspace       used 46019K, committed 46464K, reserved 1089536K
  class space    used 6000K, committed 6208K, reserved 1048576K
}
Event: 16.244 GC heap before
{Heap before GC invocations=12 (full 0):
 garbage-first heap   total 94208K, used 70255K [0x0000000704a00000, 0x0000000800000000)
  region size 2048K, 21 young (43008K), 1 survivors (2048K)
 Metaspace       used 50909K, committed 51392K, reserved 1097728K
  class space    used 6695K, committed 6976K, reserved 1048576K
}
Event: 16.249 GC heap after
{Heap after GC invocations=13 (full 0):
 garbage-first heap   total 94208K, used 31835K [0x0000000704a00000, 0x0000000800000000)
  region size 2048K, 2 young (4096K), 2 survivors (4096K)
 Metaspace       used 50909K, committed 51392K, reserved 1097728K
  class space    used 6695K, committed 6976K, reserved 1048576K
}

